<?xml version="1.0" encoding="utf-8"?><testsuites name="pytest tests"><testsuite name="pytest" errors="0" failures="0" skipped="0" tests="15" time="8.724" timestamp="2026-04-17T15:53:54.960832+00:00" hostname="agent-env-b8bfbf3f-638f-488f-a3a1-db9fdd001b5b"><testcase classname="tests.test_iteration3_rewards_stars.TestFamilyMembersWithStars" name="test_family_members_have_stars_field" time="0.167" /><testcase classname="tests.test_iteration3_rewards_stars.TestRewards" name="test_list_rewards_returns_seeded_rewards" time="0.122" /><testcase classname="tests.test_iteration3_rewards_stars.TestRewards" name="test_create_reward_and_verify" time="0.198" /><testcase classname="tests.test_iteration3_rewards_stars.TestRewards" name="test_delete_reward" time="0.225" /><testcase classname="tests.test_iteration3_rewards_stars.TestRewardRedemption" name="test_redeem_reward_with_sufficient_stars" time="0.299" /><testcase classname="tests.test_iteration3_rewards_stars.TestRewardRedemption" name="test_redeem_reward_with_insufficient_stars" time="0.263" /><testcase classname="tests.test_iteration3_rewards_stars.TestStarsAutoAward" name="test_stars_awarded_when_child_completes_task" time="0.392" /><testcase classname="tests.test_iteration3_rewards_stars.TestStarsAutoAward" name="test_no_stars_awarded_for_parent_assignee" time="0.295" /><testcase classname="tests.test_iteration3_rewards_stars.TestStarsAutoAward" name="test_no_stars_awarded_for_non_task_types" time="0.392" /><testcase classname="tests.test_iteration3_rewards_stars.TestConflictIntelligence" name="test_conflicts_returns_overlapping_cards" time="0.300" /><testcase classname="tests.test_iteration3_rewards_stars.TestConflictIntelligence" name="test_conflicts_within_2h_window" time="0.367" /><testcase classname="tests.test_iteration3_rewards_stars.TestVisionExtract" name="test_vision_extract_requires_auth" time="0.128" /><testcase classname="tests.test_iteration3_rewards_stars.TestVisionExtract" name="test_vision_extract_endpoint_exists" time="5.260" /><testcase classname="tests.test_iteration3_rewards_stars.TestCleanup" name="test_cleanup_test_cards" time="0.125" /><testcase classname="tests.test_iteration3_rewards_stars.TestCleanup" name="test_cleanup_test_rewards" time="0.108" /></testsuite></testsuites>