<?xml version="1.0" encoding="utf-8"?><testsuites name="pytest tests"><testsuite name="pytest" errors="0" failures="0" skipped="0" tests="5" time="1.380" timestamp="2026-04-17T15:13:59.875717+00:00" hostname="agent-env-b8bfbf3f-638f-488f-a3a1-db9fdd001b5b"><testcase classname="tests.test_household_coo_api.TestRecurringTasks" name="test_create_weekly_recurring_task" time="0.300" /><testcase classname="tests.test_household_coo_api.TestRecurringTasks" name="test_weekly_auto_spawn_on_done" time="0.223" /><testcase classname="tests.test_household_coo_api.TestRecurringTasks" name="test_daily_recurring_task" time="0.225" /><testcase classname="tests.test_household_coo_api.TestRecurringTasks" name="test_monthly_recurring_task" time="0.209" /><testcase classname="tests.test_household_coo_api.TestRecurringTasks" name="test_non_recurring_not_spawned" time="0.231" /></testsuite></testsuites>