<?xml version="1.0" encoding="utf-8"?><testsuites name="pytest tests"><testsuite name="pytest" errors="0" failures="0" skipped="0" tests="14" time="7.188" timestamp="2026-04-17T14:37:35.175969+00:00" hostname="agent-env-b8bfbf3f-638f-488f-a3a1-db9fdd001b5b"><testcase classname="tests.test_household_coo_api.TestHealthCheck" name="test_health_check" time="0.298" /><testcase classname="tests.test_household_coo_api.TestAuth" name="test_auth_me_with_valid_session" time="0.106" /><testcase classname="tests.test_household_coo_api.TestAuth" name="test_auth_me_without_session" time="0.107" /><testcase classname="tests.test_household_coo_api.TestAuth" name="test_update_language" time="0.215" /><testcase classname="tests.test_household_coo_api.TestAuth" name="test_logout" time="0.536" /><testcase classname="tests.test_household_coo_api.TestCards" name="test_list_cards" time="0.110" /><testcase classname="tests.test_household_coo_api.TestCards" name="test_create_card_and_verify" time="0.229" /><testcase classname="tests.test_household_coo_api.TestCards" name="test_update_card_status" time="0.248" /><testcase classname="tests.test_household_coo_api.TestCards" name="test_delete_card" time="0.204" /><testcase classname="tests.test_household_coo_api.TestFamily" name="test_list_family_members" time="0.103" /><testcase classname="tests.test_household_coo_api.TestVault" name="test_list_vault_initially_empty" time="0.145" /><testcase classname="tests.test_household_coo_api.TestVault" name="test_create_vault_doc_and_verify" time="0.212" /><testcase classname="tests.test_household_coo_api.TestVault" name="test_delete_vault_doc" time="0.243" /><testcase classname="tests.test_household_coo_api.TestWeeklyBrief" name="test_weekly_brief_generation" time="4.327" /></testsuite></testsuites>